app/build/intermediates/manifest_merge_blame_file/debug/manifest-merger-blame-debug-report.txt
1<?xml version="1.0" encoding="utf-8"?>
2<manifest xmlns:android="http://schemas.android.com/apk/res/android"
3    package="com.designurway.idlidosa"
4    android:versionCode="9"
5    android:versionName="1.8" >
6
7    <uses-sdk
8        android:minSdkVersion="25"
8-->src\main\AndroidManifest.xml
9        android:targetSdkVersion="30" />
9-->src\main\AndroidManifest.xml
10
11    <!--
12         The ACCESS_COARSE/FINE_LOCATION permissions are not required to use
13         Google Maps Android API v2, but you must specify either coarse or fine
14         location permissions for the "MyLocation" functionality.
15    -->
16    <uses-permission android:name="android.permission.ACCESS_FINE_LOCATION" />
16-->src\main\AndroidManifest.xml:10:5-79
16-->src\main\AndroidManifest.xml:10:22-76
17    <uses-permission android:name="android.permission.ACCESS_NETWORK_STATE" />
17-->src\main\AndroidManifest.xml:11:5-79
17-->src\main\AndroidManifest.xml:11:22-76
18    <uses-permission android:name="android.permission.READ_EXTERNAL_STORAGE" />
18-->src\main\AndroidManifest.xml:12:5-80
18-->src\main\AndroidManifest.xml:12:22-77
19    <uses-permission android:name="android.permission.WRITE_EXTERNAL_STORAGE" />
19-->src\main\AndroidManifest.xml:13:5-81
19-->src\main\AndroidManifest.xml:13:22-78
20    <uses-permission android:name="android.permission.INTERNET" />
20-->src\main\AndroidManifest.xml:14:5-67
20-->src\main\AndroidManifest.xml:14:22-64
21    <uses-permission android:name="android.permission.ACCESS_COARSE_LOCATION" />
21-->src\main\AndroidManifest.xml:15:5-81
21-->src\main\AndroidManifest.xml:15:22-78
22    <uses-permission android:name="android.permission.CAMERA" />
22-->src\main\AndroidManifest.xml:16:5-65
22-->src\main\AndroidManifest.xml:16:22-62
23    <uses-permission android:name="android.permission.READ_PHONE_STATE" />
23-->src\main\AndroidManifest.xml:17:5-75
23-->src\main\AndroidManifest.xml:17:22-72
24    <uses-permission android:name="android.permission.WAKE_LOCK" />
24-->[com.paytm.easypay:easypay:8.7.3-appinvoke] AndroidManifest.xml:11:5-68
24-->[com.paytm.easypay:easypay:8.7.3-appinvoke] AndroidManifest.xml:11:22-65
25    <uses-permission android:name="android.permission.ACCESS_WIFI_STATE" />
25-->[com.google.android.libraries.places:places:2.4.0] AndroidManifest.xml:10:5-76
25-->[com.google.android.libraries.places:places:2.4.0] AndroidManifest.xml:10:22-73
26
27    <uses-feature
27-->[com.google.android.gms:play-services-maps:17.0.0] AndroidManifest.xml:26:5-28:35
28        android:glEsVersion="0x00020000"
28-->[com.google.android.gms:play-services-maps:17.0.0] AndroidManifest.xml:27:9-41
29        android:required="true" /> <!-- Required by older versions of Google Play services to create IID tokens -->
29-->[com.google.android.gms:play-services-maps:17.0.0] AndroidManifest.xml:28:9-32
30    <uses-permission android:name="com.google.android.c2dm.permission.RECEIVE" />
30-->[com.google.firebase:firebase-iid:21.0.1] AndroidManifest.xml:26:5-82
30-->[com.google.firebase:firebase-iid:21.0.1] AndroidManifest.xml:26:22-79
31
32    <application
32-->src\main\AndroidManifest.xml:19:5-77:19
33        android:allowBackup="true"
33-->src\main\AndroidManifest.xml:20:9-35
34        android:appComponentFactory="androidx.core.app.CoreComponentFactory"
34-->[androidx.core:core:1.3.1] AndroidManifest.xml:24:18-86
35        android:debuggable="true"
36        android:exported="false"
36-->src\main\AndroidManifest.xml:21:9-33
37        android:extractNativeLibs="false"
38        android:hardwareAccelerated="true"
38-->src\main\AndroidManifest.xml:22:9-43
39        android:icon="@drawable/logo"
39-->src\main\AndroidManifest.xml:23:9-38
40        android:label="@string/app_name"
40-->src\main\AndroidManifest.xml:24:9-41
41        android:largeHeap="true"
41-->src\main\AndroidManifest.xml:25:9-33
42        android:requestLegacyExternalStorage="true"
42-->src\main\AndroidManifest.xml:26:9-52
43        android:roundIcon="@drawable/logo"
43-->src\main\AndroidManifest.xml:27:9-43
44        android:supportsRtl="true"
44-->src\main\AndroidManifest.xml:28:9-35
45        android:testOnly="true"
46        android:theme="@style/AppTheme"
46-->src\main\AndroidManifest.xml:29:9-40
47        android:usesCleartextTraffic="true" >
47-->src\main\AndroidManifest.xml:30:9-44
48
49        <!--
50             The API key for Google Maps-based APIs is defined as a string resource.
51             (See the file "res/values/google_maps_api.xml").
52             Note that the API key is linked to the encryption key used to sign the APK.
53             You need a different API key for each encryption key, including the release key that is used to
54             sign the APK for publishing.
55             You can define the keys for the debug and release targets in src/debug/ and src/release/.
56        -->
57        <meta-data
57-->src\main\AndroidManifest.xml:40:9-42:55
58            android:name="com.google.android.geo.API_KEY"
58-->src\main\AndroidManifest.xml:41:13-58
59            android:value="@string/google_maps_key" />
59-->src\main\AndroidManifest.xml:42:13-52
60
61        <activity
61-->src\main\AndroidManifest.xml:44:9-46:68
62            android:name="com.designurway.idlidosa.ui.home_page.fragments.MapsActivity"
62-->src\main\AndroidManifest.xml:45:13-64
63            android:label="@string/title_activity_maps" />
63-->src\main\AndroidManifest.xml:46:13-56
64        <activity
64-->src\main\AndroidManifest.xml:47:9-48:64
65            android:name="com.designurway.idlidosa.ui.home_page.HomePageActivity"
65-->src\main\AndroidManifest.xml:47:19-64
66            android:windowSoftInputMode="adjustPan" />
66-->src\main\AndroidManifest.xml:48:13-52
67        <activity android:name="com.designurway.idlidosa.ui.SplashScreenActivity" >
67-->src\main\AndroidManifest.xml:49:9-55:20
67-->src\main\AndroidManifest.xml:49:19-58
68            <intent-filter>
68-->src\main\AndroidManifest.xml:50:13-54:29
69                <action android:name="android.intent.action.MAIN" />
69-->src\main\AndroidManifest.xml:51:17-69
69-->src\main\AndroidManifest.xml:51:25-66
70
71                <category android:name="android.intent.category.LAUNCHER" />
71-->src\main\AndroidManifest.xml:53:17-77
71-->src\main\AndroidManifest.xml:53:27-74
72            </intent-filter>
73        </activity>
74        <activity android:name="com.designurway.idlidosa.ui.auth.AuthActivity" />
74-->src\main\AndroidManifest.xml:56:9-67
74-->src\main\AndroidManifest.xml:56:19-55
75        <activity android:name="com.designurway.idlidosa.a.activity.EmergencyActivity" />
75-->src\main\AndroidManifest.xml:57:9-66
75-->src\main\AndroidManifest.xml:57:19-63
76        <activity android:name="com.designurway.idlidosa.a.activity.ForgotPwdActivity" />
76-->src\main\AndroidManifest.xml:58:9-66
76-->src\main\AndroidManifest.xml:58:19-63
77        <activity android:name="com.designurway.idlidosa.a.activity.MobileVerificationActivity" />
77-->src\main\AndroidManifest.xml:59:9-75
77-->src\main\AndroidManifest.xml:59:19-72
78        <activity android:name="com.designurway.idlidosa.a.paytmallinonesdk.PaytmActivity" />
78-->src\main\AndroidManifest.xml:60:9-70
78-->src\main\AndroidManifest.xml:60:19-67
79        <!--
80  <activity
81            android:name=".a.activity.DashboardActivity"
82            android:screenOrientation="portrait"/>
83        -->
84        <activity android:name="com.designurway.idlidosa.a.activity.OTPVerificationActivity" />
84-->src\main\AndroidManifest.xml:66:9-72
84-->src\main\AndroidManifest.xml:66:19-69
85        <activity android:name="com.designurway.idlidosa.a.activity.PaymentInfoActivity" />
85-->src\main\AndroidManifest.xml:67:9-68
85-->src\main\AndroidManifest.xml:67:19-65
86        <activity android:name="com.designurway.idlidosa.a.activity.ReferralCodeActivity" />
86-->src\main\AndroidManifest.xml:68:9-69
86-->src\main\AndroidManifest.xml:68:19-66
87        <activity android:name="com.designurway.idlidosa.a.MainActivity" />
87-->src\main\AndroidManifest.xml:69:9-52
87-->src\main\AndroidManifest.xml:69:19-49
88        <activity android:name="com.designurway.idlidosa.a.activity.ProfileActivity" />
88-->src\main\AndroidManifest.xml:70:9-64
88-->src\main\AndroidManifest.xml:70:19-61
89        <activity android:name="com.designurway.idlidosa.a.activity.RegisterActivity" />
89-->src\main\AndroidManifest.xml:71:9-65
89-->src\main\AndroidManifest.xml:71:19-62
90        <activity android:name="com.designurway.idlidosa.a.activity.PaymentSucessfulActivity" />
90-->src\main\AndroidManifest.xml:72:9-73
90-->src\main\AndroidManifest.xml:72:19-70
91
92        <meta-data
92-->src\main\AndroidManifest.xml:74:9-76:57
93            android:name="preloaded_fonts"
93-->src\main\AndroidManifest.xml:75:13-43
94            android:resource="@array/preloaded_fonts" />
94-->src\main\AndroidManifest.xml:76:13-54
95
96        <activity
96-->[com.paytm.appinvokesdk:appinvokesdk:1.2] AndroidManifest.xml:14:9-17:66
97            android:name="com.paytm.pgsdk.PaytmPGActivity"
97-->[com.paytm.appinvokesdk:appinvokesdk:1.2] AndroidManifest.xml:15:13-59
98            android:screenOrientation="portrait"
98-->[com.paytm.appinvokesdk:appinvokesdk:1.2] AndroidManifest.xml:16:13-49
99            android:theme="@style/Theme.AppCompat.NoActionBar" />
99-->[com.paytm.appinvokesdk:appinvokesdk:1.2] AndroidManifest.xml:17:13-63
100
101        <service
101-->[com.paytm.appinvokesdk:appinvokesdk:1.2] AndroidManifest.xml:19:9-21:40
102            android:name="com.paytm.pgsdk.IntentServicePostNotification"
102-->[com.paytm.appinvokesdk:appinvokesdk:1.2] AndroidManifest.xml:20:13-73
103            android:exported="false" />
103-->[com.paytm.appinvokesdk:appinvokesdk:1.2] AndroidManifest.xml:21:13-37
104        <service
104-->[com.paytm.appinvokesdk:appinvokesdk:1.2] AndroidManifest.xml:22:9-24:40
105            android:name="com.paytm.pgsdk.IntentServicePreNotification"
105-->[com.paytm.appinvokesdk:appinvokesdk:1.2] AndroidManifest.xml:23:13-72
106            android:exported="false" />
106-->[com.paytm.appinvokesdk:appinvokesdk:1.2] AndroidManifest.xml:24:13-37
107        <service
107-->[com.paytm.appinvokesdk:appinvokesdk:1.2] AndroidManifest.xml:25:9-28:39
108            android:name="easypay.utils.EasypayLoaderService"
108-->[com.paytm.appinvokesdk:appinvokesdk:1.2] AndroidManifest.xml:26:13-62
109            android:enabled="true"
109-->[com.paytm.appinvokesdk:appinvokesdk:1.2] AndroidManifest.xml:27:13-35
110            android:exported="true" />
110-->[com.paytm.appinvokesdk:appinvokesdk:1.2] AndroidManifest.xml:28:13-36
111        <service
111-->[com.paytm.appinvokesdk:appinvokesdk:1.2] AndroidManifest.xml:29:9-32:39
112            android:name="easypay.utils.AnalyticsService"
112-->[com.paytm.appinvokesdk:appinvokesdk:1.2] AndroidManifest.xml:30:13-58
113            android:enabled="true"
113-->[com.paytm.appinvokesdk:appinvokesdk:1.2] AndroidManifest.xml:31:13-35
114            android:exported="true"
114-->[com.paytm.appinvokesdk:appinvokesdk:1.2] AndroidManifest.xml:32:13-36
115            android:permission="android.permission.BIND_JOB_SERVICE" />
115-->[com.paytm.easypay:easypay:8.7.3-appinvoke] AndroidManifest.xml:22:13-69
116        <service
116-->[com.paytm.easypay:easypay:8.7.3-appinvoke] AndroidManifest.xml:14:9-17:72
117            android:name="easypay.utils.EasyPayConfigDownloader"
117-->[com.paytm.easypay:easypay:8.7.3-appinvoke] AndroidManifest.xml:15:13-65
118            android:exported="true"
118-->[com.paytm.easypay:easypay:8.7.3-appinvoke] AndroidManifest.xml:16:13-36
119            android:permission="android.permission.BIND_JOB_SERVICE" />
119-->[com.paytm.easypay:easypay:8.7.3-appinvoke] AndroidManifest.xml:17:13-69
120
121        <activity android:name="easypay.AnalyticsManagerInfoDisplayActivity" />
121-->[com.paytm.easypay:easypay:8.7.3-appinvoke] AndroidManifest.xml:24:9-80
121-->[com.paytm.easypay:easypay:8.7.3-appinvoke] AndroidManifest.xml:24:19-77
122        <activity
122-->[com.google.android.libraries.places:places:2.4.0] AndroidManifest.xml:14:9-20:20
123            android:name="com.google.android.libraries.places.widget.AutocompleteActivity"
123-->[com.google.android.libraries.places:places:2.4.0] AndroidManifest.xml:15:13-91
124            android:exported="false"
124-->[com.google.android.libraries.places:places:2.4.0] AndroidManifest.xml:16:13-37
125            android:label="@string/places_autocomplete_label"
125-->[com.google.android.libraries.places:places:2.4.0] AndroidManifest.xml:17:13-62
126            android:theme="@style/PlacesAutocompleteOverlay"
126-->[com.google.android.libraries.places:places:2.4.0] AndroidManifest.xml:18:13-61
127            android:windowSoftInputMode="adjustResize" >
127-->[com.google.android.libraries.places:places:2.4.0] AndroidManifest.xml:19:13-55
128        </activity>
129        <!--
130             FirebaseMessagingService performs security checks at runtime,
131             but set to not exported to explicitly avoid allowing another app to call it.
132        -->
133        <service
133-->[com.google.firebase:firebase-messaging:21.0.1] AndroidManifest.xml:28:9-35:19
134            android:name="com.google.firebase.messaging.FirebaseMessagingService"
134-->[com.google.firebase:firebase-messaging:21.0.1] AndroidManifest.xml:29:13-82
135            android:directBootAware="true"
135-->[com.google.firebase:firebase-messaging:21.0.1] AndroidManifest.xml:30:13-43
136            android:exported="false" >
136-->[com.google.firebase:firebase-messaging:21.0.1] AndroidManifest.xml:31:13-37
137            <intent-filter android:priority="-500" >
137-->[com.google.firebase:firebase-messaging:21.0.1] AndroidManifest.xml:32:13-34:29
137-->[com.google.firebase:firebase-messaging:21.0.1] AndroidManifest.xml:32:28-51
138                <action android:name="com.google.firebase.MESSAGING_EVENT" />
138-->[com.google.firebase:firebase-messaging:21.0.1] AndroidManifest.xml:33:17-78
138-->[com.google.firebase:firebase-messaging:21.0.1] AndroidManifest.xml:33:25-75
139            </intent-filter>
140        </service>
141        <service
141-->[com.google.firebase:firebase-messaging:21.0.1] AndroidManifest.xml:36:9-42:19
142            android:name="com.google.firebase.components.ComponentDiscoveryService"
142-->[com.google.firebase:firebase-messaging:21.0.1] AndroidManifest.xml:37:13-84
143            android:directBootAware="true"
143-->[com.google.firebase:firebase-common:19.5.0] AndroidManifest.xml:35:13-43
144            android:exported="false" >
144-->[com.google.firebase:firebase-messaging:21.0.1] AndroidManifest.xml:38:13-37
145            <meta-data
145-->[com.google.firebase:firebase-messaging:21.0.1] AndroidManifest.xml:39:13-41:85
146                android:name="com.google.firebase.components:com.google.firebase.messaging.FirebaseMessagingRegistrar"
146-->[com.google.firebase:firebase-messaging:21.0.1] AndroidManifest.xml:40:17-119
147                android:value="com.google.firebase.components.ComponentRegistrar" />
147-->[com.google.firebase:firebase-messaging:21.0.1] AndroidManifest.xml:41:17-82
148            <meta-data
148-->[com.google.firebase:firebase-iid:21.0.1] AndroidManifest.xml:32:13-34:85
149                android:name="com.google.firebase.components:com.google.firebase.iid.Registrar"
149-->[com.google.firebase:firebase-iid:21.0.1] AndroidManifest.xml:33:17-96
150                android:value="com.google.firebase.components.ComponentRegistrar" />
150-->[com.google.firebase:firebase-iid:21.0.1] AndroidManifest.xml:34:17-82
151            <meta-data
151-->[com.google.firebase:firebase-datatransport:17.0.10] AndroidManifest.xml:28:13-30:85
152                android:name="com.google.firebase.components:com.google.firebase.datatransport.TransportRegistrar"
152-->[com.google.firebase:firebase-datatransport:17.0.10] AndroidManifest.xml:29:17-115
153                android:value="com.google.firebase.components.ComponentRegistrar" />
153-->[com.google.firebase:firebase-datatransport:17.0.10] AndroidManifest.xml:30:17-82
154            <meta-data
154-->[com.google.firebase:firebase-installations:16.3.5] AndroidManifest.xml:18:13-20:85
155                android:name="com.google.firebase.components:com.google.firebase.installations.FirebaseInstallationsRegistrar"
155-->[com.google.firebase:firebase-installations:16.3.5] AndroidManifest.xml:19:17-127
156                android:value="com.google.firebase.components.ComponentRegistrar" />
156-->[com.google.firebase:firebase-installations:16.3.5] AndroidManifest.xml:20:17-82
157            <!--
158                This registrar is not defined in the dynamic-module-support sdk itself to allow non-firebase
159                clients to use it as well, by defining this registrar in their own core/common library.
160            -->
161            <meta-data
161-->[com.google.firebase:firebase-common:19.5.0] AndroidManifest.xml:43:13-45:85
162                android:name="com.google.firebase.components:com.google.firebase.dynamicloading.DynamicLoadingRegistrar"
162-->[com.google.firebase:firebase-common:19.5.0] AndroidManifest.xml:44:17-121
163                android:value="com.google.firebase.components.ComponentRegistrar" />
163-->[com.google.firebase:firebase-common:19.5.0] AndroidManifest.xml:45:17-82
164        </service> <!-- Needs to be explicitly declared on P+ -->
165        <uses-library
165-->[com.google.android.gms:play-services-maps:17.0.0] AndroidManifest.xml:33:9-35:40
166            android:name="org.apache.http.legacy"
166-->[com.google.android.gms:play-services-maps:17.0.0] AndroidManifest.xml:34:13-50
167            android:required="false" />
167-->[com.google.android.gms:play-services-maps:17.0.0] AndroidManifest.xml:35:13-37
168
169        <provider
169-->[com.squareup.picasso:picasso:2.71828] AndroidManifest.xml:8:9-11:40
170            android:name="com.squareup.picasso.PicassoProvider"
170-->[com.squareup.picasso:picasso:2.71828] AndroidManifest.xml:9:13-64
171            android:authorities="com.designurway.idlidosa.com.squareup.picasso"
171-->[com.squareup.picasso:picasso:2.71828] AndroidManifest.xml:10:13-72
172            android:exported="false" />
172-->[com.squareup.picasso:picasso:2.71828] AndroidManifest.xml:11:13-37
173
174        <receiver
174-->[com.google.firebase:firebase-iid:21.0.1] AndroidManifest.xml:37:9-44:20
175            android:name="com.google.firebase.iid.FirebaseInstanceIdReceiver"
175-->[com.google.firebase:firebase-iid:21.0.1] AndroidManifest.xml:38:13-78
176            android:exported="true"
176-->[com.google.firebase:firebase-iid:21.0.1] AndroidManifest.xml:39:13-36
177            android:permission="com.google.android.c2dm.permission.SEND" >
177-->[com.google.firebase:firebase-iid:21.0.1] AndroidManifest.xml:40:13-73
178            <intent-filter>
178-->[com.google.firebase:firebase-iid:21.0.1] AndroidManifest.xml:41:13-43:29
179                <action android:name="com.google.android.c2dm.intent.RECEIVE" />
179-->[com.google.firebase:firebase-iid:21.0.1] AndroidManifest.xml:42:17-81
179-->[com.google.firebase:firebase-iid:21.0.1] AndroidManifest.xml:42:25-78
180            </intent-filter>
181        </receiver>
182
183        <activity
183-->[com.google.android.gms:play-services-auth:17.0.0] AndroidManifest.xml:23:9-27:75
184            android:name="com.google.android.gms.auth.api.signin.internal.SignInHubActivity"
184-->[com.google.android.gms:play-services-auth:17.0.0] AndroidManifest.xml:24:13-93
185            android:excludeFromRecents="true"
185-->[com.google.android.gms:play-services-auth:17.0.0] AndroidManifest.xml:25:13-46
186            android:exported="false"
186-->[com.google.android.gms:play-services-auth:17.0.0] AndroidManifest.xml:26:13-37
187            android:theme="@android:style/Theme.Translucent.NoTitleBar" />
187-->[com.google.android.gms:play-services-auth:17.0.0] AndroidManifest.xml:27:13-72
188        <!--
189            Service handling Google Sign-In user revocation. For apps that do not integrate with
190            Google Sign-In, this service will never be started.
191        -->
192        <service
192-->[com.google.android.gms:play-services-auth:17.0.0] AndroidManifest.xml:33:9-36:110
193            android:name="com.google.android.gms.auth.api.signin.RevocationBoundService"
193-->[com.google.android.gms:play-services-auth:17.0.0] AndroidManifest.xml:34:13-89
194            android:exported="true"
194-->[com.google.android.gms:play-services-auth:17.0.0] AndroidManifest.xml:35:13-36
195            android:permission="com.google.android.gms.auth.api.signin.permission.REVOCATION_NOTIFICATION" />
195-->[com.google.android.gms:play-services-auth:17.0.0] AndroidManifest.xml:36:13-107
196
197        <activity
197-->[com.google.android.gms:play-services-base:17.5.0] AndroidManifest.xml:23:9-26:75
198            android:name="com.google.android.gms.common.api.GoogleApiActivity"
198-->[com.google.android.gms:play-services-base:17.5.0] AndroidManifest.xml:24:13-79
199            android:exported="false"
199-->[com.google.android.gms:play-services-base:17.5.0] AndroidManifest.xml:25:13-37
200            android:theme="@android:style/Theme.Translucent.NoTitleBar" />
200-->[com.google.android.gms:play-services-base:17.5.0] AndroidManifest.xml:26:13-72
201
202        <provider
202-->[com.google.firebase:firebase-common:19.5.0] AndroidManifest.xml:26:9-31:39
203            android:name="com.google.firebase.provider.FirebaseInitProvider"
203-->[com.google.firebase:firebase-common:19.5.0] AndroidManifest.xml:27:13-77
204            android:authorities="com.designurway.idlidosa.firebaseinitprovider"
204-->[com.google.firebase:firebase-common:19.5.0] AndroidManifest.xml:28:13-72
205            android:directBootAware="true"
205-->[com.google.firebase:firebase-common:19.5.0] AndroidManifest.xml:29:13-43
206            android:exported="false"
206-->[com.google.firebase:firebase-common:19.5.0] AndroidManifest.xml:30:13-37
207            android:initOrder="100" />
207-->[com.google.firebase:firebase-common:19.5.0] AndroidManifest.xml:31:13-36
208
209        <meta-data
209-->[com.google.android.gms:play-services-basement:17.5.0] AndroidManifest.xml:23:9-25:69
210            android:name="com.google.android.gms.version"
210-->[com.google.android.gms:play-services-basement:17.5.0] AndroidManifest.xml:24:13-58
211            android:value="@integer/google_play_services_version" />
211-->[com.google.android.gms:play-services-basement:17.5.0] AndroidManifest.xml:25:13-66
212
213        <service
213-->[com.google.android.datatransport:transport-backend-cct:2.3.3] AndroidManifest.xml:29:9-35:19
214            android:name="com.google.android.datatransport.runtime.backends.TransportBackendDiscovery"
214-->[com.google.android.datatransport:transport-backend-cct:2.3.3] AndroidManifest.xml:30:13-103
215            android:exported="false" >
215-->[com.google.android.datatransport:transport-backend-cct:2.3.3] AndroidManifest.xml:31:13-37
216            <meta-data
216-->[com.google.android.datatransport:transport-backend-cct:2.3.3] AndroidManifest.xml:32:13-34:39
217                android:name="backend:com.google.android.datatransport.cct.CctBackendFactory"
217-->[com.google.android.datatransport:transport-backend-cct:2.3.3] AndroidManifest.xml:33:17-94
218                android:value="cct" />
218-->[com.google.android.datatransport:transport-backend-cct:2.3.3] AndroidManifest.xml:34:17-36
219        </service>
220        <service
220-->[com.google.android.datatransport:transport-runtime:2.2.5] AndroidManifest.xml:26:9-30:19
221            android:name="com.google.android.datatransport.runtime.scheduling.jobscheduling.JobInfoSchedulerService"
221-->[com.google.android.datatransport:transport-runtime:2.2.5] AndroidManifest.xml:27:13-117
222            android:exported="false"
222-->[com.google.android.datatransport:transport-runtime:2.2.5] AndroidManifest.xml:28:13-37
223            android:permission="android.permission.BIND_JOB_SERVICE" >
223-->[com.google.android.datatransport:transport-runtime:2.2.5] AndroidManifest.xml:29:13-69
224        </service>
225
226        <receiver
226-->[com.google.android.datatransport:transport-runtime:2.2.5] AndroidManifest.xml:32:9-34:40
227            android:name="com.google.android.datatransport.runtime.scheduling.jobscheduling.AlarmManagerSchedulerBroadcastReceiver"
227-->[com.google.android.datatransport:transport-runtime:2.2.5] AndroidManifest.xml:33:13-132
228            android:exported="false" />
228-->[com.google.android.datatransport:transport-runtime:2.2.5] AndroidManifest.xml:34:13-37
229
230        <provider
230-->[androidx.lifecycle:lifecycle-process:2.1.0] AndroidManifest.xml:23:9-27:43
231            android:name="androidx.lifecycle.ProcessLifecycleOwnerInitializer"
231-->[androidx.lifecycle:lifecycle-process:2.1.0] AndroidManifest.xml:24:13-79
232            android:authorities="com.designurway.idlidosa.lifecycle-process"
232-->[androidx.lifecycle:lifecycle-process:2.1.0] AndroidManifest.xml:25:13-69
233            android:exported="false"
233-->[androidx.lifecycle:lifecycle-process:2.1.0] AndroidManifest.xml:26:13-37
234            android:multiprocess="true" />
234-->[androidx.lifecycle:lifecycle-process:2.1.0] AndroidManifest.xml:27:13-40
235    </application>
236
237</manifest>